Using pre-set license
Built from '2020.3/staging' branch; Version is '2020.3.0f1 (c7b5465681fb) revision 13088070'; Using compiler version '192528614'; Build Type 'Release'
OS: 'Windows 10 Home; OS build 19042.1415; Version 2009; 64bit' Language: 'ja' Physical Memory: 8118 MB
BatchMode: 1, IsHumanControllingUs: 0, StartBugReporterOnCrash: 0, Is64bit: 1, IsPro: 0

 COMMAND LINE ARGUMENTS:
C:\Program Files\2020.3.0f1\Editor\Unity.exe
-adb2
-batchMode
-noUpm
-name
AssetImportWorker0
-projectPath
C:/Users/和大生協講座用PC19①/Downloads/New Unity Project
-logFile
Logs/AssetImportWorker0.log
-srvPort
49820
Successfully changed project path to: C:/Users/和大生協講座用PC19①/Downloads/New Unity Project
C:/Users/和大生協講座用PC19①/Downloads/New Unity Project
Using Asset Import Pipeline V2.
Refreshing native plugins compatible for Editor in 146.03 ms, found 1 plugins.
Preloading 0 native plugins for Editor in 0.00 ms.
Initialize engine version: 2020.3.0f1 (c7b5465681fb)
[Subsystems] Discovering subsystems at path C:/Program Files/2020.3.0f1/Editor/Data/Resources/UnitySubsystems
[Subsystems] Discovering subsystems at path C:/Users/和大生協講座用PC19①/Downloads/New Unity Project/Assets
GfxDevice: creating device client; threaded=0
Direct3D:
    Version:  Direct3D 11.0 [level 11.1]
    Renderer: Intel(R) UHD Graphics 620 (ID=0x5917)
    Vendor:   
    VRAM:     4059 MB
    Driver:   27.20.100.9416
Initialize mono
Mono path[0] = 'C:/Program Files/2020.3.0f1/Editor/Data/Managed'
Mono path[1] = 'C:/Program Files/2020.3.0f1/Editor/Data/MonoBleedingEdge/lib/mono/unityjit'
Mono config path = 'C:/Program Files/2020.3.0f1/Editor/Data/MonoBleedingEdge/etc'
Using monoOptions --debugger-agent=transport=dt_socket,embedding=1,server=y,suspend=n,address=127.0.0.1:56432
Begin MonoManager ReloadAssembly
Registering precompiled unity dll's ...
Register platform support module: C:/Program Files/2020.3.0f1/Editor/Data/PlaybackEngines/WebGLSupport/UnityEditor.WebGL.Extensions.dll
Register platform support module: C:/Program Files/2020.3.0f1/Editor/Data/PlaybackEngines/WindowsStandaloneSupport/UnityEditor.WindowsStandalone.Extensions.dll
Registered in 0.006913 seconds.
Native extension for WindowsStandalone target not found
Native extension for WebGL target not found
Refreshing native plugins compatible for Editor in 131.73 ms, found 1 plugins.
Preloading 0 native plugins for Editor in 0.00 ms.
Invoked RoslynAnalysisRunner static constructor.
RoslynAnalysisRunner will not be running.
RoslynAnalysisRunner has terminated.
Mono: successfully reloaded assembly
- Completed reload, in  3.219 seconds
Platform modules already initialized, skipping
Registering precompiled user dll's ...
Registered in 0.006992 seconds.
Begin MonoManager ReloadAssembly
Native extension for WindowsStandalone target not found
Native extension for WebGL target not found
Refreshing native plugins compatible for Editor in 118.34 ms, found 1 plugins.
Preloading 0 native plugins for Editor in 0.00 ms.
Invoked RoslynAnalysisRunner static constructor.
RoslynAnalysisRunner will not be running.
RoslynAnalysisRunner has terminated.
Mono: successfully reloaded assembly
- Completed reload, in  2.491 seconds
Platform modules already initialized, skipping
========================================================================
Worker process is ready to serve import requests
Launched and connected shader compiler UnityShaderCompiler.exe after 0.12 seconds
Refreshing native plugins compatible for Editor in 1.20 ms, found 1 plugins.
Preloading 0 native plugins for Editor in 0.00 ms.
Unloading 2032 Unused Serialized files (Serialized files now loaded: 0)
System memory in use before: 90.4 MB.
System memory in use after: 90.3 MB.

Unloading 44 unused Assets to reduce memory usage. Loaded Objects now: 2457.
Total: 5.047900 ms (FindLiveObjects: 0.502100 ms CreateObjectMapping: 0.187700 ms MarkObjects: 4.061100 ms  DeleteObjects: 0.294100 ms)

========================================================================
Received Import Request.
  path: Assets/Scripts/Player.cs
  artifactKey: Guid(530c89db775f83a43818d42a7371944b) Importer(815301076,1909f56bfc062723c751e8b465ee728b)
Start importing Assets/Scripts/Player.cs using Guid(530c89db775f83a43818d42a7371944b) Importer(815301076,1909f56bfc062723c751e8b465ee728b)  -> (artifact id: '930d78cea7b5c4182dfdfb1efe52032b') in 0.070771 seconds
  Import took 0.079739 seconds .

========================================================================
Received Prepare
Registering precompiled user dll's ...
Registered in 0.002858 seconds.
Begin MonoManager ReloadAssembly
Native extension for WindowsStandalone target not found
Native extension for WebGL target not found
Refreshing native plugins compatible for Editor in 0.94 ms, found 1 plugins.
Preloading 0 native plugins for Editor in 0.00 ms.
Invoked RoslynAnalysisRunner static constructor.
RoslynAnalysisRunner will not be running.
RoslynAnalysisRunner has terminated.
Mono: successfully reloaded assembly
- Completed reload, in  1.822 seconds
Platform modules already initialized, skipping
Refreshing native plugins compatible for Editor in 1.05 ms, found 1 plugins.
Preloading 0 native plugins for Editor in 0.00 ms.
Unloading 2027 Unused Serialized files (Serialized files now loaded: 0)
System memory in use before: 90.3 MB.
System memory in use after: 90.3 MB.

Unloading 32 unused Assets to reduce memory usage. Loaded Objects now: 2461.
Total: 3.530700 ms (FindLiveObjects: 0.254600 ms CreateObjectMapping: 0.099400 ms MarkObjects: 3.026900 ms  DeleteObjects: 0.147800 ms)

========================================================================
Received Prepare
Registering precompiled user dll's ...
Registered in 0.002886 seconds.
Begin MonoManager ReloadAssembly
Native extension for WindowsStandalone target not found
Native extension for WebGL target not found
Refreshing native plugins compatible for Editor in 1.17 ms, found 1 plugins.
Preloading 0 native plugins for Editor in 0.00 ms.
Invoked RoslynAnalysisRunner static constructor.
RoslynAnalysisRunner will not be running.
RoslynAnalysisRunner has terminated.
Mono: successfully reloaded assembly
- Completed reload, in  1.768 seconds
Platform modules already initialized, skipping
Refreshing native plugins compatible for Editor in 1.17 ms, found 1 plugins.
Preloading 0 native plugins for Editor in 0.00 ms.
Unloading 2027 Unused Serialized files (Serialized files now loaded: 0)
System memory in use before: 90.4 MB.
System memory in use after: 90.4 MB.

Unloading 32 unused Assets to reduce memory usage. Loaded Objects now: 2465.
Total: 4.271500 ms (FindLiveObjects: 0.335400 ms CreateObjectMapping: 0.106100 ms MarkObjects: 3.542800 ms  DeleteObjects: 0.284400 ms)

========================================================================
Received Prepare
Registering precompiled user dll's ...
Registered in 0.002819 seconds.
Begin MonoManager ReloadAssembly
Native extension for WindowsStandalone target not found
Native extension for WebGL target not found
Refreshing native plugins compatible for Editor in 1.13 ms, found 1 plugins.
Preloading 0 native plugins for Editor in 0.00 ms.
Invoked RoslynAnalysisRunner static constructor.
RoslynAnalysisRunner will not be running.
RoslynAnalysisRunner has terminated.
Mono: successfully reloaded assembly
- Completed reload, in  1.817 seconds
Platform modules already initialized, skipping
Refreshing native plugins compatible for Editor in 1.16 ms, found 1 plugins.
Preloading 0 native plugins for Editor in 0.00 ms.
Unloading 2027 Unused Serialized files (Serialized files now loaded: 0)
System memory in use before: 90.4 MB.
System memory in use after: 90.4 MB.

Unloading 32 unused Assets to reduce memory usage. Loaded Objects now: 2469.
Total: 6.757600 ms (FindLiveObjects: 0.728700 ms CreateObjectMapping: 0.193000 ms MarkObjects: 5.519400 ms  DeleteObjects: 0.312800 ms)

========================================================================
Received Prepare
Registering precompiled user dll's ...
Registered in 0.003032 seconds.
Begin MonoManager ReloadAssembly
Native extension for WindowsStandalone target not found
Native extension for WebGL target not found
Refreshing native plugins compatible for Editor in 0.64 ms, found 1 plugins.
Preloading 0 native plugins for Editor in 0.00 ms.
Invoked RoslynAnalysisRunner static constructor.
RoslynAnalysisRunner will not be running.
RoslynAnalysisRunner has terminated.
Mono: successfully reloaded assembly
- Completed reload, in  0.983 seconds
Platform modules already initialized, skipping
Refreshing native plugins compatible for Editor in 0.61 ms, found 1 plugins.
Preloading 0 native plugins for Editor in 0.00 ms.
Unloading 2027 Unused Serialized files (Serialized files now loaded: 0)
System memory in use before: 90.4 MB.
System memory in use after: 90.4 MB.

Unloading 32 unused Assets to reduce memory usage. Loaded Objects now: 2473.
Total: 3.426700 ms (FindLiveObjects: 0.655900 ms CreateObjectMapping: 0.197100 ms MarkObjects: 2.420900 ms  DeleteObjects: 0.151100 ms)

========================================================================
Received Prepare
Registering precompiled user dll's ...
Registered in 0.003123 seconds.
Begin MonoManager ReloadAssembly
Native extension for WindowsStandalone target not found
Native extension for WebGL target not found
Refreshing native plugins compatible for Editor in 1.15 ms, found 1 plugins.
Preloading 0 native plugins for Editor in 0.00 ms.
Invoked RoslynAnalysisRunner static constructor.
RoslynAnalysisRunner will not be running.
RoslynAnalysisRunner has terminated.
Mono: successfully reloaded assembly
- Completed reload, in  2.172 seconds
Platform modules already initialized, skipping
Refreshing native plugins compatible for Editor in 1.18 ms, found 1 plugins.
Preloading 0 native plugins for Editor in 0.00 ms.
Unloading 2027 Unused Serialized files (Serialized files now loaded: 0)
System memory in use before: 90.4 MB.
System memory in use after: 90.4 MB.

Unloading 32 unused Assets to reduce memory usage. Loaded Objects now: 2477.
Total: 5.776700 ms (FindLiveObjects: 0.892100 ms CreateObjectMapping: 0.100700 ms MarkObjects: 4.519300 ms  DeleteObjects: 0.262200 ms)

========================================================================
Received Import Request.
  Time since last request: 2395.623922 seconds.
  path: Assets/Scripts/Jump.cs
  artifactKey: Guid(11d64ba57b7f6fc41867223a5eeeaace) Importer(815301076,1909f56bfc062723c751e8b465ee728b)
Start importing Assets/Scripts/Jump.cs using Guid(11d64ba57b7f6fc41867223a5eeeaace) Importer(815301076,1909f56bfc062723c751e8b465ee728b)  -> (artifact id: '192af1894fa0dbcc7cc5e4a0b103b599') in 0.015177 seconds
  Import took 0.019874 seconds .

========================================================================
Received Prepare
Registering precompiled user dll's ...
Registered in 0.002798 seconds.
Begin MonoManager ReloadAssembly
Native extension for WindowsStandalone target not found
Native extension for WebGL target not found
Refreshing native plugins compatible for Editor in 0.67 ms, found 1 plugins.
Preloading 0 native plugins for Editor in 0.00 ms.
Invoked RoslynAnalysisRunner static constructor.
RoslynAnalysisRunner will not be running.
RoslynAnalysisRunner has terminated.
Mono: successfully reloaded assembly
- Completed reload, in  0.988 seconds
Platform modules already initialized, skipping
Refreshing native plugins compatible for Editor in 0.80 ms, found 1 plugins.
Preloading 0 native plugins for Editor in 0.00 ms.
Unloading 2028 Unused Serialized files (Serialized files now loaded: 0)
System memory in use before: 90.5 MB.
System memory in use after: 90.5 MB.

Unloading 32 unused Assets to reduce memory usage. Loaded Objects now: 2482.
Total: 2.615500 ms (FindLiveObjects: 0.222600 ms CreateObjectMapping: 0.119000 ms MarkObjects: 2.134600 ms  DeleteObjects: 0.138200 ms)

========================================================================
Received Import Request.
  Time since last request: 807.915306 seconds.
  path: Assets/Scripts/Jump.cs
  artifactKey: Guid(11d64ba57b7f6fc41867223a5eeeaace) Importer(815301076,1909f56bfc062723c751e8b465ee728b)
Start importing Assets/Scripts/Jump.cs using Guid(11d64ba57b7f6fc41867223a5eeeaace) Importer(815301076,1909f56bfc062723c751e8b465ee728b)  -> (artifact id: '84f8f674b9b1f0b972d31c80f2e65751') in 0.008827 seconds
  Import took 0.014471 seconds .

========================================================================
Received Import Request.
  Time since last request: 32.861252 seconds.
  path: Assets/Scripts/Jump.cs
  artifactKey: Guid(11d64ba57b7f6fc41867223a5eeeaace) Importer(815301076,1909f56bfc062723c751e8b465ee728b)
Start importing Assets/Scripts/Jump.cs using Guid(11d64ba57b7f6fc41867223a5eeeaace) Importer(815301076,1909f56bfc062723c751e8b465ee728b)  -> (artifact id: '8d5e14eb0abb20b5d101233c4ae4112c') in 0.004927 seconds
  Import took 0.011667 seconds .

========================================================================
Received Import Request.
  Time since last request: 15.214995 seconds.
  path: Assets/Scripts/Jump.cs
  artifactKey: Guid(11d64ba57b7f6fc41867223a5eeeaace) Importer(815301076,1909f56bfc062723c751e8b465ee728b)
Start importing Assets/Scripts/Jump.cs using Guid(11d64ba57b7f6fc41867223a5eeeaace) Importer(815301076,1909f56bfc062723c751e8b465ee728b)  -> (artifact id: 'ac2ceaab133e9f183fe0927735a49d20') in 0.004130 seconds
  Import took 0.008855 seconds .

========================================================================
Received Import Request.
  Time since last request: 20.650365 seconds.
  path: Assets/Scripts/Jump.cs
  artifactKey: Guid(11d64ba57b7f6fc41867223a5eeeaace) Importer(815301076,1909f56bfc062723c751e8b465ee728b)
Start importing Assets/Scripts/Jump.cs using Guid(11d64ba57b7f6fc41867223a5eeeaace) Importer(815301076,1909f56bfc062723c751e8b465ee728b)  -> (artifact id: 'b633ab140533e2e210f3226cc4804b59') in 0.003861 seconds
  Import took 0.008689 seconds .

========================================================================
Received Prepare
Registering precompiled user dll's ...
Registered in 0.003935 seconds.
Begin MonoManager ReloadAssembly
Native extension for WindowsStandalone target not found
Native extension for WebGL target not found
Refreshing native plugins compatible for Editor in 1.17 ms, found 1 plugins.
Preloading 0 native plugins for Editor in 0.00 ms.
Invoked RoslynAnalysisRunner static constructor.
RoslynAnalysisRunner will not be running.
RoslynAnalysisRunner has terminated.
Mono: successfully reloaded assembly
- Completed reload, in  2.086 seconds
Platform modules already initialized, skipping
Refreshing native plugins compatible for Editor in 2.20 ms, found 1 plugins.
Preloading 0 native plugins for Editor in 0.00 ms.
Unloading 2028 Unused Serialized files (Serialized files now loaded: 0)
System memory in use before: 90.5 MB.
System memory in use after: 90.5 MB.

Unloading 32 unused Assets to reduce memory usage. Loaded Objects now: 2486.
Total: 7.209700 ms (FindLiveObjects: 0.871100 ms CreateObjectMapping: 0.568200 ms MarkObjects: 5.522000 ms  DeleteObjects: 0.245500 ms)

========================================================================
Received Import Request.
  Time since last request: 37.957363 seconds.
  path: Assets/Scripts/Jump.cs
  artifactKey: Guid(11d64ba57b7f6fc41867223a5eeeaace) Importer(815301076,1909f56bfc062723c751e8b465ee728b)
Start importing Assets/Scripts/Jump.cs using Guid(11d64ba57b7f6fc41867223a5eeeaace) Importer(815301076,1909f56bfc062723c751e8b465ee728b)  -> (artifact id: '50270b1aed579375fc4997231851d766') in 0.006428 seconds
  Import took 0.011291 seconds .

========================================================================
Received Import Request.
  Time since last request: 0.013260 seconds.
  path: Assets/Scripts/Jump.cs
  artifactKey: Guid(11d64ba57b7f6fc41867223a5eeeaace) Importer(815301076,1909f56bfc062723c751e8b465ee728b)
Start importing Assets/Scripts/Jump.cs using Guid(11d64ba57b7f6fc41867223a5eeeaace) Importer(815301076,1909f56bfc062723c751e8b465ee728b)  -> (artifact id: '50270b1aed579375fc4997231851d766') in 0.003821 seconds
  Import took 0.009228 seconds .

========================================================================
Received Import Request.
  Time since last request: 4.907531 seconds.
  path: Assets/Scripts/Player.cs
  artifactKey: Guid(530c89db775f83a43818d42a7371944b) Importer(815301076,1909f56bfc062723c751e8b465ee728b)
Start importing Assets/Scripts/Player.cs using Guid(530c89db775f83a43818d42a7371944b) Importer(815301076,1909f56bfc062723c751e8b465ee728b)  -> (artifact id: 'c0506f4f38b91e6309ef5be261b7d73f') in 0.006535 seconds
  Import took 0.014314 seconds .

========================================================================
Received Prepare
Registering precompiled user dll's ...
Registered in 0.004550 seconds.
Begin MonoManager ReloadAssembly
Native extension for WindowsStandalone target not found
Native extension for WebGL target not found
Refreshing native plugins compatible for Editor in 1.11 ms, found 1 plugins.
Preloading 0 native plugins for Editor in 0.00 ms.
Invoked RoslynAnalysisRunner static constructor.
RoslynAnalysisRunner will not be running.
RoslynAnalysisRunner has terminated.
Mono: successfully reloaded assembly
- Completed reload, in  1.951 seconds
Platform modules already initialized, skipping
Refreshing native plugins compatible for Editor in 1.12 ms, found 1 plugins.
Preloading 0 native plugins for Editor in 0.00 ms.
Unloading 2028 Unused Serialized files (Serialized files now loaded: 0)
System memory in use before: 90.5 MB.
System memory in use after: 90.5 MB.

Unloading 32 unused Assets to reduce memory usage. Loaded Objects now: 2490.
Total: 5.086400 ms (FindLiveObjects: 0.358300 ms CreateObjectMapping: 0.158100 ms MarkObjects: 4.324100 ms  DeleteObjects: 0.243100 ms)

========================================================================
Received Prepare
Registering precompiled user dll's ...
Registered in 0.004173 seconds.
Begin MonoManager ReloadAssembly
Native extension for WindowsStandalone target not found
Native extension for WebGL target not found
Refreshing native plugins compatible for Editor in 0.67 ms, found 1 plugins.
Preloading 0 native plugins for Editor in 0.00 ms.
Invoked RoslynAnalysisRunner static constructor.
RoslynAnalysisRunner will not be running.
RoslynAnalysisRunner has terminated.
Mono: successfully reloaded assembly
- Completed reload, in  1.127 seconds
Platform modules already initialized, skipping
Refreshing native plugins compatible for Editor in 0.71 ms, found 1 plugins.
Preloading 0 native plugins for Editor in 0.00 ms.
Unloading 2028 Unused Serialized files (Serialized files now loaded: 0)
System memory in use before: 90.5 MB.
System memory in use after: 90.5 MB.

Unloading 32 unused Assets to reduce memory usage. Loaded Objects now: 2494.
Total: 3.867000 ms (FindLiveObjects: 0.399700 ms CreateObjectMapping: 0.136600 ms MarkObjects: 3.187700 ms  DeleteObjects: 0.140900 ms)

========================================================================
Received Import Request.
  Time since last request: 62.251566 seconds.
  path: Assets/Scripts/Jump.cs
  artifactKey: Guid(11d64ba57b7f6fc41867223a5eeeaace) Importer(815301076,1909f56bfc062723c751e8b465ee728b)
Start importing Assets/Scripts/Jump.cs using Guid(11d64ba57b7f6fc41867223a5eeeaace) Importer(815301076,1909f56bfc062723c751e8b465ee728b)  -> (artifact id: '949fbdaf7676d7c835ed6ea4516282b2') in 0.007555 seconds
  Import took 0.011530 seconds .

========================================================================
Received Import Request.
  Time since last request: 0.011827 seconds.
  path: Assets/Scripts/Jump.cs
  artifactKey: Guid(11d64ba57b7f6fc41867223a5eeeaace) Importer(815301076,1909f56bfc062723c751e8b465ee728b)
Start importing Assets/Scripts/Jump.cs using Guid(11d64ba57b7f6fc41867223a5eeeaace) Importer(815301076,1909f56bfc062723c751e8b465ee728b)  -> (artifact id: '949fbdaf7676d7c835ed6ea4516282b2') in 0.003091 seconds
  Import took 0.008084 seconds .

========================================================================
Received Prepare
Registering precompiled user dll's ...
Registered in 0.002931 seconds.
Begin MonoManager ReloadAssembly
Native extension for WindowsStandalone target not found
Native extension for WebGL target not found
Refreshing native plugins compatible for Editor in 1.17 ms, found 1 plugins.
Preloading 0 native plugins for Editor in 0.00 ms.
Invoked RoslynAnalysisRunner static constructor.
RoslynAnalysisRunner will not be running.
RoslynAnalysisRunner has terminated.
Mono: successfully reloaded assembly
- Completed reload, in  1.998 seconds
Platform modules already initialized, skipping
Refreshing native plugins compatible for Editor in 1.19 ms, found 1 plugins.
Preloading 0 native plugins for Editor in 0.00 ms.
Unloading 2028 Unused Serialized files (Serialized files now loaded: 0)
System memory in use before: 90.5 MB.
System memory in use after: 90.5 MB.

Unloading 32 unused Assets to reduce memory usage. Loaded Objects now: 2498.
Total: 3.710800 ms (FindLiveObjects: 0.302400 ms CreateObjectMapping: 0.131400 ms MarkObjects: 3.042100 ms  DeleteObjects: 0.232700 ms)

========================================================================
Received Prepare
Registering precompiled user dll's ...
Registered in 0.003524 seconds.
Begin MonoManager ReloadAssembly
Native extension for WindowsStandalone target not found
Native extension for WebGL target not found
Refreshing native plugins compatible for Editor in 1.14 ms, found 1 plugins.
Preloading 0 native plugins for Editor in 0.00 ms.
Invoked RoslynAnalysisRunner static constructor.
RoslynAnalysisRunner will not be running.
RoslynAnalysisRunner has terminated.
Mono: successfully reloaded assembly
- Completed reload, in  2.014 seconds
Platform modules already initialized, skipping
Refreshing native plugins compatible for Editor in 1.19 ms, found 1 plugins.
Preloading 0 native plugins for Editor in 0.00 ms.
Unloading 2028 Unused Serialized files (Serialized files now loaded: 0)
System memory in use before: 90.5 MB.
System memory in use after: 90.5 MB.

Unloading 32 unused Assets to reduce memory usage. Loaded Objects now: 2502.
Total: 6.469500 ms (FindLiveObjects: 0.711600 ms CreateObjectMapping: 0.285800 ms MarkObjects: 5.166500 ms  DeleteObjects: 0.302300 ms)

========================================================================
Received Prepare
Registering precompiled user dll's ...
Registered in 0.003084 seconds.
Begin MonoManager ReloadAssembly
Native extension for WindowsStandalone target not found
Native extension for WebGL target not found
Refreshing native plugins compatible for Editor in 0.70 ms, found 1 plugins.
Preloading 0 native plugins for Editor in 0.00 ms.
Invoked RoslynAnalysisRunner static constructor.
RoslynAnalysisRunner will not be running.
RoslynAnalysisRunner has terminated.
Mono: successfully reloaded assembly
- Completed reload, in  0.946 seconds
Platform modules already initialized, skipping
Refreshing native plugins compatible for Editor in 0.73 ms, found 1 plugins.
Preloading 0 native plugins for Editor in 0.00 ms.
Unloading 2028 Unused Serialized files (Serialized files now loaded: 0)
System memory in use before: 90.5 MB.
System memory in use after: 90.5 MB.

Unloading 32 unused Assets to reduce memory usage. Loaded Objects now: 2506.
Total: 3.021800 ms (FindLiveObjects: 0.502200 ms CreateObjectMapping: 0.240900 ms MarkObjects: 2.139000 ms  DeleteObjects: 0.136900 ms)

========================================================================
Received Prepare
Registering precompiled user dll's ...
Registered in 0.002944 seconds.
Begin MonoManager ReloadAssembly
Native extension for WindowsStandalone target not found
Native extension for WebGL target not found
Refreshing native plugins compatible for Editor in 1.18 ms, found 1 plugins.
Preloading 0 native plugins for Editor in 0.00 ms.
Invoked RoslynAnalysisRunner static constructor.
RoslynAnalysisRunner will not be running.
RoslynAnalysisRunner has terminated.
Mono: successfully reloaded assembly
- Completed reload, in  2.007 seconds
Platform modules already initialized, skipping
Refreshing native plugins compatible for Editor in 1.21 ms, found 1 plugins.
Preloading 0 native plugins for Editor in 0.00 ms.
Unloading 2028 Unused Serialized files (Serialized files now loaded: 0)
System memory in use before: 90.5 MB.
System memory in use after: 90.5 MB.

Unloading 32 unused Assets to reduce memory usage. Loaded Objects now: 2510.
Total: 4.736600 ms (FindLiveObjects: 0.376000 ms CreateObjectMapping: 0.166700 ms MarkObjects: 3.933500 ms  DeleteObjects: 0.257500 ms)

========================================================================
Received Prepare
Registering precompiled user dll's ...
Registered in 0.006587 seconds.
Begin MonoManager ReloadAssembly
Native extension for WindowsStandalone target not found
Native extension for WebGL target not found
Refreshing native plugins compatible for Editor in 1.15 ms, found 1 plugins.
Preloading 0 native plugins for Editor in 0.00 ms.
Invoked RoslynAnalysisRunner static constructor.
RoslynAnalysisRunner will not be running.
RoslynAnalysisRunner has terminated.
Mono: successfully reloaded assembly
- Completed reload, in  1.918 seconds
Platform modules already initialized, skipping
Refreshing native plugins compatible for Editor in 1.21 ms, found 1 plugins.
Preloading 0 native plugins for Editor in 0.00 ms.
Unloading 2028 Unused Serialized files (Serialized files now loaded: 0)
System memory in use before: 90.5 MB.
System memory in use after: 90.5 MB.

Unloading 32 unused Assets to reduce memory usage. Loaded Objects now: 2514.
Total: 4.476800 ms (FindLiveObjects: 0.323800 ms CreateObjectMapping: 0.133400 ms MarkObjects: 3.764700 ms  DeleteObjects: 0.252600 ms)

========================================================================
Received Prepare
Registering precompiled user dll's ...
Registered in 0.003088 seconds.
Begin MonoManager ReloadAssembly
Native extension for WindowsStandalone target not found
Native extension for WebGL target not found
Refreshing native plugins compatible for Editor in 0.62 ms, found 1 plugins.
Preloading 0 native plugins for Editor in 0.00 ms.
Invoked RoslynAnalysisRunner static constructor.
RoslynAnalysisRunner will not be running.
RoslynAnalysisRunner has terminated.
Mono: successfully reloaded assembly
- Completed reload, in  0.962 seconds
Platform modules already initialized, skipping
Refreshing native plugins compatible for Editor in 0.73 ms, found 1 plugins.
Preloading 0 native plugins for Editor in 0.00 ms.
Unloading 2028 Unused Serialized files (Serialized files now loaded: 0)
System memory in use before: 90.5 MB.
System memory in use after: 90.5 MB.

Unloading 32 unused Assets to reduce memory usage. Loaded Objects now: 2518.
Total: 3.285400 ms (FindLiveObjects: 0.297600 ms CreateObjectMapping: 0.111000 ms MarkObjects: 2.725900 ms  DeleteObjects: 0.149400 ms)

========================================================================
Received Prepare
Registering precompiled user dll's ...
Registered in 0.006794 seconds.
Begin MonoManager ReloadAssembly
Native extension for WindowsStandalone target not found
Native extension for WebGL target not found
Refreshing native plugins compatible for Editor in 1.16 ms, found 1 plugins.
Preloading 0 native plugins for Editor in 0.00 ms.
Invoked RoslynAnalysisRunner static constructor.
RoslynAnalysisRunner will not be running.
RoslynAnalysisRunner has terminated.
Mono: successfully reloaded assembly
- Completed reload, in  2.042 seconds
Platform modules already initialized, skipping
Refreshing native plugins compatible for Editor in 1.20 ms, found 1 plugins.
Preloading 0 native plugins for Editor in 0.00 ms.
Unloading 2028 Unused Serialized files (Serialized files now loaded: 0)
System memory in use before: 90.6 MB.
System memory in use after: 90.6 MB.

Unloading 32 unused Assets to reduce memory usage. Loaded Objects now: 2522.
Total: 3.870200 ms (FindLiveObjects: 0.365300 ms CreateObjectMapping: 0.111700 ms MarkObjects: 3.091700 ms  DeleteObjects: 0.299800 ms)

========================================================================
Received Prepare
Registering precompiled user dll's ...
Registered in 0.003321 seconds.
Begin MonoManager ReloadAssembly
Native extension for WindowsStandalone target not found
Native extension for WebGL target not found
Refreshing native plugins compatible for Editor in 1.15 ms, found 1 plugins.
Preloading 0 native plugins for Editor in 0.00 ms.
Invoked RoslynAnalysisRunner static constructor.
RoslynAnalysisRunner will not be running.
RoslynAnalysisRunner has terminated.
Mono: successfully reloaded assembly
- Completed reload, in  2.055 seconds
Platform modules already initialized, skipping
Refreshing native plugins compatible for Editor in 1.17 ms, found 1 plugins.
Preloading 0 native plugins for Editor in 0.00 ms.
Unloading 2028 Unused Serialized files (Serialized files now loaded: 0)
System memory in use before: 90.6 MB.
System memory in use after: 90.6 MB.

Unloading 32 unused Assets to reduce memory usage. Loaded Objects now: 2526.
Total: 5.387100 ms (FindLiveObjects: 0.376900 ms CreateObjectMapping: 0.160100 ms MarkObjects: 4.599600 ms  DeleteObjects: 0.248300 ms)

========================================================================
Received Import Request.
  Time since last request: 327.689307 seconds.
  path: Assets/Scripts/Jump.cs
  artifactKey: Guid(11d64ba57b7f6fc41867223a5eeeaace) Importer(815301076,1909f56bfc062723c751e8b465ee728b)
Start importing Assets/Scripts/Jump.cs using Guid(11d64ba57b7f6fc41867223a5eeeaace) Importer(815301076,1909f56bfc062723c751e8b465ee728b)  -> (artifact id: 'bd6a573b3d7da2c0b374a6cf731d15e3') in 0.007563 seconds
  Import took 0.013251 seconds .

========================================================================
Received Prepare
Registering precompiled user dll's ...
Registered in 0.003539 seconds.
Begin MonoManager ReloadAssembly
Native extension for WindowsStandalone target not found
Native extension for WebGL target not found
Refreshing native plugins compatible for Editor in 1.31 ms, found 1 plugins.
Preloading 0 native plugins for Editor in 0.00 ms.
Invoked RoslynAnalysisRunner static constructor.
RoslynAnalysisRunner will not be running.
RoslynAnalysisRunner has terminated.
Mono: successfully reloaded assembly
- Completed reload, in  1.840 seconds
Platform modules already initialized, skipping
Refreshing native plugins compatible for Editor in 0.80 ms, found 1 plugins.
Preloading 0 native plugins for Editor in 0.00 ms.
Unloading 2028 Unused Serialized files (Serialized files now loaded: 0)
System memory in use before: 90.6 MB.
System memory in use after: 90.6 MB.

Unloading 32 unused Assets to reduce memory usage. Loaded Objects now: 2530.
Total: 4.218200 ms (FindLiveObjects: 0.330500 ms CreateObjectMapping: 0.109000 ms MarkObjects: 3.479800 ms  DeleteObjects: 0.296500 ms)

========================================================================
Received Import Request.
  Time since last request: 710.708130 seconds.
  path: Assets/Scripts/Jump.cs
  artifactKey: Guid(11d64ba57b7f6fc41867223a5eeeaace) Importer(815301076,1909f56bfc062723c751e8b465ee728b)
Start importing Assets/Scripts/Jump.cs using Guid(11d64ba57b7f6fc41867223a5eeeaace) Importer(815301076,1909f56bfc062723c751e8b465ee728b)  -> (artifact id: 'b1a76d662d887f71443e6c6811e44137') in 0.017788 seconds
  Import took 0.027244 seconds .

========================================================================
Received Import Request.
  Time since last request: 7.101837 seconds.
  path: ProjectSettings/TagManager.asset
  artifactKey: Guid(00000000000000003000000000000000) Importer(815301076,1909f56bfc062723c751e8b465ee728b)
Start importing ProjectSettings/TagManager.asset using Guid(00000000000000003000000000000000) Importer(815301076,1909f56bfc062723c751e8b465ee728b)  -> (artifact id: '779d5949113fa91bb85f64f090860d93') in 0.030163 seconds
  Import took 0.035450 seconds .

========================================================================
Received Prepare
Registering precompiled user dll's ...
Registered in 0.003329 seconds.
Begin MonoManager ReloadAssembly
Native extension for WindowsStandalone target not found
Native extension for WebGL target not found
Refreshing native plugins compatible for Editor in 1.00 ms, found 1 plugins.
Preloading 0 native plugins for Editor in 0.00 ms.
Invoked RoslynAnalysisRunner static constructor.
RoslynAnalysisRunner will not be running.
RoslynAnalysisRunner has terminated.
Mono: successfully reloaded assembly
- Completed reload, in  0.949 seconds
Platform modules already initialized, skipping
Refreshing native plugins compatible for Editor in 0.82 ms, found 1 plugins.
Preloading 0 native plugins for Editor in 0.00 ms.
Unloading 2028 Unused Serialized files (Serialized files now loaded: 0)
System memory in use before: 90.6 MB.
System memory in use after: 90.6 MB.

Unloading 33 unused Assets to reduce memory usage. Loaded Objects now: 2534.
Total: 3.347300 ms (FindLiveObjects: 0.480200 ms CreateObjectMapping: 0.167400 ms MarkObjects: 2.542500 ms  DeleteObjects: 0.155500 ms)

========================================================================
Received Prepare
Registering precompiled user dll's ...
Registered in 0.003108 seconds.
Begin MonoManager ReloadAssembly
Native extension for WindowsStandalone target not found
Native extension for WebGL target not found
Refreshing native plugins compatible for Editor in 0.69 ms, found 1 plugins.
Preloading 0 native plugins for Editor in 0.00 ms.
Invoked RoslynAnalysisRunner static constructor.
RoslynAnalysisRunner will not be running.
RoslynAnalysisRunner has terminated.
Mono: successfully reloaded assembly
- Completed reload, in  0.948 seconds
Platform modules already initialized, skipping
Refreshing native plugins compatible for Editor in 0.61 ms, found 1 plugins.
Preloading 0 native plugins for Editor in 0.00 ms.
Unloading 2028 Unused Serialized files (Serialized files now loaded: 0)
System memory in use before: 90.6 MB.
System memory in use after: 90.6 MB.

Unloading 32 unused Assets to reduce memory usage. Loaded Objects now: 2538.
Total: 3.001000 ms (FindLiveObjects: 0.490300 ms CreateObjectMapping: 0.173600 ms MarkObjects: 2.208800 ms  DeleteObjects: 0.126500 ms)

========================================================================
Received Prepare
Registering precompiled user dll's ...
Registered in 0.003126 seconds.
Begin MonoManager ReloadAssembly
Native extension for WindowsStandalone target not found
Native extension for WebGL target not found
Refreshing native plugins compatible for Editor in 1.15 ms, found 1 plugins.
Preloading 0 native plugins for Editor in 0.00 ms.
Invoked RoslynAnalysisRunner static constructor.
RoslynAnalysisRunner will not be running.
RoslynAnalysisRunner has terminated.
Mono: successfully reloaded assembly
- Completed reload, in  2.095 seconds
Platform modules already initialized, skipping
Refreshing native plugins compatible for Editor in 1.26 ms, found 1 plugins.
Preloading 0 native plugins for Editor in 0.00 ms.
Unloading 2028 Unused Serialized files (Serialized files now loaded: 0)
System memory in use before: 90.6 MB.
System memory in use after: 90.6 MB.

Unloading 32 unused Assets to reduce memory usage. Loaded Objects now: 2542.
Total: 5.952800 ms (FindLiveObjects: 0.526500 ms CreateObjectMapping: 0.229000 ms MarkObjects: 4.943900 ms  DeleteObjects: 0.250200 ms)

